  main.cpp
C:\Users\prith\OneDrive\Desktop\Study\GFX-Lab\GFX-LAB\3D\main.cpp(147,39): warning C4305: 'initializing': truncation from 'double' to 'float'
C:\Users\prith\OneDrive\Desktop\Study\GFX-Lab\GFX-LAB\3D\main.cpp(147,44): warning C4305: 'initializing': truncation from 'double' to 'float'
C:\Users\prith\OneDrive\Desktop\Study\GFX-Lab\GFX-LAB\3D\main.cpp(148,38): warning C4305: 'initializing': truncation from 'double' to 'float'
C:\Users\prith\OneDrive\Desktop\Study\GFX-Lab\GFX-LAB\3D\main.cpp(148,43): warning C4305: 'initializing': truncation from 'double' to 'float'
C:\Users\prith\OneDrive\Desktop\Study\GFX-Lab\GFX-LAB\3D\main.cpp(149,37): warning C4305: 'initializing': truncation from 'double' to 'float'
C:\Users\prith\OneDrive\Desktop\Study\GFX-Lab\GFX-LAB\3D\main.cpp(149,42): warning C4305: 'initializing': truncation from 'double' to 'float'
C:\Users\prith\OneDrive\Desktop\Study\GFX-Lab\GFX-LAB\3D\main.cpp(150,38): warning C4305: 'initializing': truncation from 'double' to 'float'
C:\Users\prith\OneDrive\Desktop\Study\GFX-Lab\GFX-LAB\3D\main.cpp(150,43): warning C4305: 'initializing': truncation from 'double' to 'float'
C:\Users\prith\OneDrive\Desktop\Study\GFX-Lab\GFX-LAB\3D\main.cpp(151,38): warning C4305: 'initializing': truncation from 'double' to 'float'
C:\Users\prith\OneDrive\Desktop\Study\GFX-Lab\GFX-LAB\3D\main.cpp(151,43): warning C4305: 'initializing': truncation from 'double' to 'float'
C:\Users\prith\OneDrive\Desktop\Study\GFX-Lab\GFX-LAB\3D\main.cpp(152,37): warning C4305: 'initializing': truncation from 'double' to 'float'
C:\Users\prith\OneDrive\Desktop\Study\GFX-Lab\GFX-LAB\3D\main.cpp(152,42): warning C4305: 'initializing': truncation from 'double' to 'float'
C:\Users\prith\OneDrive\Desktop\Study\GFX-Lab\GFX-LAB\3D\main.cpp(153,36): warning C4305: 'initializing': truncation from 'double' to 'float'
C:\Users\prith\OneDrive\Desktop\Study\GFX-Lab\GFX-LAB\3D\main.cpp(153,41): warning C4305: 'initializing': truncation from 'double' to 'float'
C:\Users\prith\OneDrive\Desktop\Study\GFX-Lab\GFX-LAB\3D\main.cpp(154,37): warning C4305: 'initializing': truncation from 'double' to 'float'
C:\Users\prith\OneDrive\Desktop\Study\GFX-Lab\GFX-LAB\3D\main.cpp(154,42): warning C4305: 'initializing': truncation from 'double' to 'float'
C:\Users\prith\OneDrive\Desktop\Study\GFX-Lab\GFX-LAB\3D\main.cpp(158,32): warning C4305: 'initializing': truncation from 'double' to 'float'
C:\Users\prith\OneDrive\Desktop\Study\GFX-Lab\GFX-LAB\3D\main.cpp(158,40): warning C4305: 'initializing': truncation from 'double' to 'float'
C:\Users\prith\OneDrive\Desktop\Study\GFX-Lab\GFX-LAB\3D\main.cpp(158,47): warning C4305: 'initializing': truncation from 'double' to 'float'
C:\Users\prith\OneDrive\Desktop\Study\GFX-Lab\GFX-LAB\3D\main.cpp(159,32): warning C4305: 'initializing': truncation from 'double' to 'float'
C:\Users\prith\OneDrive\Desktop\Study\GFX-Lab\GFX-LAB\3D\main.cpp(159,40): warning C4305: 'initializing': truncation from 'double' to 'float'
C:\Users\prith\OneDrive\Desktop\Study\GFX-Lab\GFX-LAB\3D\main.cpp(159,47): warning C4305: 'initializing': truncation from 'double' to 'float'
C:\Users\prith\OneDrive\Desktop\Study\GFX-Lab\GFX-LAB\3D\main.cpp(160,31): warning C4305: 'initializing': truncation from 'double' to 'float'
C:\Users\prith\OneDrive\Desktop\Study\GFX-Lab\GFX-LAB\3D\main.cpp(160,39): warning C4305: 'initializing': truncation from 'double' to 'float'
C:\Users\prith\OneDrive\Desktop\Study\GFX-Lab\GFX-LAB\3D\main.cpp(160,46): warning C4305: 'initializing': truncation from 'double' to 'float'
C:\Users\prith\OneDrive\Desktop\Study\GFX-Lab\GFX-LAB\3D\main.cpp(161,32): warning C4305: 'initializing': truncation from 'double' to 'float'
C:\Users\prith\OneDrive\Desktop\Study\GFX-Lab\GFX-LAB\3D\main.cpp(161,40): warning C4305: 'initializing': truncation from 'double' to 'float'
C:\Users\prith\OneDrive\Desktop\Study\GFX-Lab\GFX-LAB\3D\main.cpp(161,47): warning C4305: 'initializing': truncation from 'double' to 'float'
C:\Users\prith\OneDrive\Desktop\Study\GFX-Lab\GFX-LAB\3D\main.cpp(162,32): warning C4305: 'initializing': truncation from 'double' to 'float'
C:\Users\prith\OneDrive\Desktop\Study\GFX-Lab\GFX-LAB\3D\main.cpp(162,40): warning C4305: 'initializing': truncation from 'double' to 'float'
C:\Users\prith\OneDrive\Desktop\Study\GFX-Lab\GFX-LAB\3D\main.cpp(162,47): warning C4305: 'initializing': truncation from 'double' to 'float'
C:\Users\prith\OneDrive\Desktop\Study\GFX-Lab\GFX-LAB\3D\main.cpp(163,31): warning C4305: 'initializing': truncation from 'double' to 'float'
C:\Users\prith\OneDrive\Desktop\Study\GFX-Lab\GFX-LAB\3D\main.cpp(163,39): warning C4305: 'initializing': truncation from 'double' to 'float'
C:\Users\prith\OneDrive\Desktop\Study\GFX-Lab\GFX-LAB\3D\main.cpp(163,46): warning C4305: 'initializing': truncation from 'double' to 'float'
C:\Users\prith\OneDrive\Desktop\Study\GFX-Lab\GFX-LAB\3D\main.cpp(164,30): warning C4305: 'initializing': truncation from 'double' to 'float'
C:\Users\prith\OneDrive\Desktop\Study\GFX-Lab\GFX-LAB\3D\main.cpp(164,38): warning C4305: 'initializing': truncation from 'double' to 'float'
C:\Users\prith\OneDrive\Desktop\Study\GFX-Lab\GFX-LAB\3D\main.cpp(164,45): warning C4305: 'initializing': truncation from 'double' to 'float'
C:\Users\prith\OneDrive\Desktop\Study\GFX-Lab\GFX-LAB\3D\main.cpp(165,31): warning C4305: 'initializing': truncation from 'double' to 'float'
C:\Users\prith\OneDrive\Desktop\Study\GFX-Lab\GFX-LAB\3D\main.cpp(165,39): warning C4305: 'initializing': truncation from 'double' to 'float'
C:\Users\prith\OneDrive\Desktop\Study\GFX-Lab\GFX-LAB\3D\main.cpp(165,46): warning C4305: 'initializing': truncation from 'double' to 'float'
C:\Users\prith\OneDrive\Desktop\Study\GFX-Lab\GFX-LAB\3D\main.cpp(169,30): warning C4305: 'initializing': truncation from 'double' to 'float'
C:\Users\prith\OneDrive\Desktop\Study\GFX-Lab\GFX-LAB\3D\main.cpp(169,37): warning C4305: 'initializing': truncation from 'double' to 'float'
C:\Users\prith\OneDrive\Desktop\Study\GFX-Lab\GFX-LAB\3D\main.cpp(169,44): warning C4305: 'initializing': truncation from 'double' to 'float'
C:\Users\prith\OneDrive\Desktop\Study\GFX-Lab\GFX-LAB\3D\main.cpp(170,29): warning C4305: 'initializing': truncation from 'double' to 'float'
C:\Users\prith\OneDrive\Desktop\Study\GFX-Lab\GFX-LAB\3D\main.cpp(170,36): warning C4305: 'initializing': truncation from 'double' to 'float'
C:\Users\prith\OneDrive\Desktop\Study\GFX-Lab\GFX-LAB\3D\main.cpp(170,43): warning C4305: 'initializing': truncation from 'double' to 'float'
C:\Users\prith\OneDrive\Desktop\Study\GFX-Lab\GFX-LAB\3D\main.cpp(171,28): warning C4305: 'initializing': truncation from 'double' to 'float'
C:\Users\prith\OneDrive\Desktop\Study\GFX-Lab\GFX-LAB\3D\main.cpp(171,35): warning C4305: 'initializing': truncation from 'double' to 'float'
C:\Users\prith\OneDrive\Desktop\Study\GFX-Lab\GFX-LAB\3D\main.cpp(171,42): warning C4305: 'initializing': truncation from 'double' to 'float'
C:\Users\prith\OneDrive\Desktop\Study\GFX-Lab\GFX-LAB\3D\main.cpp(172,29): warning C4305: 'initializing': truncation from 'double' to 'float'
C:\Users\prith\OneDrive\Desktop\Study\GFX-Lab\GFX-LAB\3D\main.cpp(172,36): warning C4305: 'initializing': truncation from 'double' to 'float'
C:\Users\prith\OneDrive\Desktop\Study\GFX-Lab\GFX-LAB\3D\main.cpp(172,43): warning C4305: 'initializing': truncation from 'double' to 'float'
C:\Users\prith\OneDrive\Desktop\Study\GFX-Lab\GFX-LAB\3D\main.cpp(173,29): warning C4305: 'initializing': truncation from 'double' to 'float'
C:\Users\prith\OneDrive\Desktop\Study\GFX-Lab\GFX-LAB\3D\main.cpp(173,36): warning C4305: 'initializing': truncation from 'double' to 'float'
C:\Users\prith\OneDrive\Desktop\Study\GFX-Lab\GFX-LAB\3D\main.cpp(173,43): warning C4305: 'initializing': truncation from 'double' to 'float'
C:\Users\prith\OneDrive\Desktop\Study\GFX-Lab\GFX-LAB\3D\main.cpp(174,28): warning C4305: 'initializing': truncation from 'double' to 'float'
C:\Users\prith\OneDrive\Desktop\Study\GFX-Lab\GFX-LAB\3D\main.cpp(174,35): warning C4305: 'initializing': truncation from 'double' to 'float'
C:\Users\prith\OneDrive\Desktop\Study\GFX-Lab\GFX-LAB\3D\main.cpp(174,42): warning C4305: 'initializing': truncation from 'double' to 'float'
C:\Users\prith\OneDrive\Desktop\Study\GFX-Lab\GFX-LAB\3D\main.cpp(175,27): warning C4305: 'initializing': truncation from 'double' to 'float'
C:\Users\prith\OneDrive\Desktop\Study\GFX-Lab\GFX-LAB\3D\main.cpp(175,34): warning C4305: 'initializing': truncation from 'double' to 'float'
C:\Users\prith\OneDrive\Desktop\Study\GFX-Lab\GFX-LAB\3D\main.cpp(175,41): warning C4305: 'initializing': truncation from 'double' to 'float'
C:\Users\prith\OneDrive\Desktop\Study\GFX-Lab\GFX-LAB\3D\main.cpp(176,28): warning C4305: 'initializing': truncation from 'double' to 'float'
C:\Users\prith\OneDrive\Desktop\Study\GFX-Lab\GFX-LAB\3D\main.cpp(176,35): warning C4305: 'initializing': truncation from 'double' to 'float'
C:\Users\prith\OneDrive\Desktop\Study\GFX-Lab\GFX-LAB\3D\main.cpp(176,42): warning C4305: 'initializing': truncation from 'double' to 'float'
C:\Users\prith\OneDrive\Desktop\Study\GFX-Lab\GFX-LAB\3D\main.cpp(180,33): warning C4305: 'initializing': truncation from 'double' to 'float'
C:\Users\prith\OneDrive\Desktop\Study\GFX-Lab\GFX-LAB\3D\main.cpp(180,38): warning C4305: 'initializing': truncation from 'double' to 'float'
C:\Users\prith\OneDrive\Desktop\Study\GFX-Lab\GFX-LAB\3D\main.cpp(180,44): warning C4305: 'initializing': truncation from 'double' to 'float'
C:\Users\prith\OneDrive\Desktop\Study\GFX-Lab\GFX-LAB\3D\main.cpp(181,32): warning C4305: 'initializing': truncation from 'double' to 'float'
C:\Users\prith\OneDrive\Desktop\Study\GFX-Lab\GFX-LAB\3D\main.cpp(181,37): warning C4305: 'initializing': truncation from 'double' to 'float'
C:\Users\prith\OneDrive\Desktop\Study\GFX-Lab\GFX-LAB\3D\main.cpp(181,43): warning C4305: 'initializing': truncation from 'double' to 'float'
C:\Users\prith\OneDrive\Desktop\Study\GFX-Lab\GFX-LAB\3D\main.cpp(182,31): warning C4305: 'initializing': truncation from 'double' to 'float'
C:\Users\prith\OneDrive\Desktop\Study\GFX-Lab\GFX-LAB\3D\main.cpp(182,36): warning C4305: 'initializing': truncation from 'double' to 'float'
C:\Users\prith\OneDrive\Desktop\Study\GFX-Lab\GFX-LAB\3D\main.cpp(182,42): warning C4305: 'initializing': truncation from 'double' to 'float'
C:\Users\prith\OneDrive\Desktop\Study\GFX-Lab\GFX-LAB\3D\main.cpp(183,32): warning C4305: 'initializing': truncation from 'double' to 'float'
C:\Users\prith\OneDrive\Desktop\Study\GFX-Lab\GFX-LAB\3D\main.cpp(183,37): warning C4305: 'initializing': truncation from 'double' to 'float'
C:\Users\prith\OneDrive\Desktop\Study\GFX-Lab\GFX-LAB\3D\main.cpp(183,43): warning C4305: 'initializing': truncation from 'double' to 'float'
C:\Users\prith\OneDrive\Desktop\Study\GFX-Lab\GFX-LAB\3D\main.cpp(184,32): warning C4305: 'initializing': truncation from 'double' to 'float'
C:\Users\prith\OneDrive\Desktop\Study\GFX-Lab\GFX-LAB\3D\main.cpp(184,37): warning C4305: 'initializing': truncation from 'double' to 'float'
C:\Users\prith\OneDrive\Desktop\Study\GFX-Lab\GFX-LAB\3D\main.cpp(184,43): warning C4305: 'initializing': truncation from 'double' to 'float'
C:\Users\prith\OneDrive\Desktop\Study\GFX-Lab\GFX-LAB\3D\main.cpp(185,31): warning C4305: 'initializing': truncation from 'double' to 'float'
C:\Users\prith\OneDrive\Desktop\Study\GFX-Lab\GFX-LAB\3D\main.cpp(185,36): warning C4305: 'initializing': truncation from 'double' to 'float'
C:\Users\prith\OneDrive\Desktop\Study\GFX-Lab\GFX-LAB\3D\main.cpp(185,42): warning C4305: 'initializing': truncation from 'double' to 'float'
C:\Users\prith\OneDrive\Desktop\Study\GFX-Lab\GFX-LAB\3D\main.cpp(186,30): warning C4305: 'initializing': truncation from 'double' to 'float'
C:\Users\prith\OneDrive\Desktop\Study\GFX-Lab\GFX-LAB\3D\main.cpp(186,35): warning C4305: 'initializing': truncation from 'double' to 'float'
C:\Users\prith\OneDrive\Desktop\Study\GFX-Lab\GFX-LAB\3D\main.cpp(186,41): warning C4305: 'initializing': truncation from 'double' to 'float'
C:\Users\prith\OneDrive\Desktop\Study\GFX-Lab\GFX-LAB\3D\main.cpp(187,31): warning C4305: 'initializing': truncation from 'double' to 'float'
C:\Users\prith\OneDrive\Desktop\Study\GFX-Lab\GFX-LAB\3D\main.cpp(187,36): warning C4305: 'initializing': truncation from 'double' to 'float'
C:\Users\prith\OneDrive\Desktop\Study\GFX-Lab\GFX-LAB\3D\main.cpp(187,42): warning C4305: 'initializing': truncation from 'double' to 'float'
C:\Users\prith\OneDrive\Desktop\Study\GFX-Lab\GFX-LAB\3D\main.cpp(191,13): warning C4305: 'initializing': truncation from 'double' to 'float'
C:\Users\prith\OneDrive\Desktop\Study\GFX-Lab\GFX-LAB\3D\main.cpp(192,13): warning C4305: 'initializing': truncation from 'double' to 'float'
C:\Users\prith\OneDrive\Desktop\Study\GFX-Lab\GFX-LAB\3D\main.cpp(193,8): warning C4305: 'initializing': truncation from 'double' to 'float'
C:\Users\prith\OneDrive\Desktop\Study\GFX-Lab\GFX-LAB\3D\main.cpp(193,13): warning C4305: 'initializing': truncation from 'double' to 'float'
C:\Users\prith\OneDrive\Desktop\Study\GFX-Lab\GFX-LAB\3D\main.cpp(193,17): warning C4305: 'initializing': truncation from 'double' to 'float'
C:\Users\prith\OneDrive\Desktop\Study\GFX-Lab\GFX-LAB\3D\main.cpp(194,12): warning C4305: 'initializing': truncation from 'double' to 'float'
C:\Users\prith\OneDrive\Desktop\Study\GFX-Lab\GFX-LAB\3D\main.cpp(195,9): warning C4305: 'initializing': truncation from 'double' to 'float'
C:\Users\prith\OneDrive\Desktop\Study\GFX-Lab\GFX-LAB\3D\main.cpp(195,14): warning C4305: 'initializing': truncation from 'double' to 'float'
C:\Users\prith\OneDrive\Desktop\Study\GFX-Lab\GFX-LAB\3D\main.cpp(195,18): warning C4305: 'initializing': truncation from 'double' to 'float'
C:\Users\prith\OneDrive\Desktop\Study\GFX-Lab\GFX-LAB\3D\main.cpp(196,14): warning C4305: 'initializing': truncation from 'double' to 'float'
C:\Users\prith\OneDrive\Desktop\Study\GFX-Lab\GFX-LAB\3D\main.cpp(197,9): warning C4305: 'initializing': truncation from 'double' to 'float'
C:\Users\prith\OneDrive\Desktop\Study\GFX-Lab\GFX-LAB\3D\main.cpp(197,14): warning C4305: 'initializing': truncation from 'double' to 'float'
C:\Users\prith\OneDrive\Desktop\Study\GFX-Lab\GFX-LAB\3D\main.cpp(197,19): warning C4305: 'initializing': truncation from 'double' to 'float'
C:\Users\prith\OneDrive\Desktop\Study\GFX-Lab\GFX-LAB\3D\main.cpp(198,12): warning C4305: 'initializing': truncation from 'double' to 'float'
C:\Users\prith\OneDrive\Desktop\Study\GFX-Lab\GFX-LAB\3D\main.cpp(199,8): warning C4305: 'initializing': truncation from 'double' to 'float'
C:\Users\prith\OneDrive\Desktop\Study\GFX-Lab\GFX-LAB\3D\main.cpp(199,13): warning C4305: 'initializing': truncation from 'double' to 'float'
C:\Users\prith\OneDrive\Desktop\Study\GFX-Lab\GFX-LAB\3D\main.cpp(199,18): warning C4305: 'initializing': truncation from 'double' to 'float'
C:\Users\prith\OneDrive\Desktop\Study\GFX-Lab\GFX-LAB\3D\main.cpp(202,13): warning C4305: 'initializing': truncation from 'double' to 'float'
C:\Users\prith\OneDrive\Desktop\Study\GFX-Lab\GFX-LAB\3D\main.cpp(203,17): warning C4305: 'initializing': truncation from 'double' to 'float'
C:\Users\prith\OneDrive\Desktop\Study\GFX-Lab\GFX-LAB\3D\main.cpp(204,13): warning C4305: 'initializing': truncation from 'double' to 'float'
C:\Users\prith\OneDrive\Desktop\Study\GFX-Lab\GFX-LAB\3D\main.cpp(204,18): warning C4305: 'initializing': truncation from 'double' to 'float'
C:\Users\prith\OneDrive\Desktop\Study\GFX-Lab\GFX-LAB\3D\main.cpp(204,27): warning C4305: 'initializing': truncation from 'double' to 'float'
C:\Users\prith\OneDrive\Desktop\Study\GFX-Lab\GFX-LAB\3D\main.cpp(205,13): warning C4305: 'initializing': truncation from 'double' to 'float'
C:\Users\prith\OneDrive\Desktop\Study\GFX-Lab\GFX-LAB\3D\main.cpp(206,14): warning C4305: 'initializing': truncation from 'double' to 'float'
C:\Users\prith\OneDrive\Desktop\Study\GFX-Lab\GFX-LAB\3D\main.cpp(206,19): warning C4305: 'initializing': truncation from 'double' to 'float'
C:\Users\prith\OneDrive\Desktop\Study\GFX-Lab\GFX-LAB\3D\main.cpp(206,28): warning C4305: 'initializing': truncation from 'double' to 'float'
C:\Users\prith\OneDrive\Desktop\Study\GFX-Lab\GFX-LAB\3D\main.cpp(207,18): warning C4305: 'initializing': truncation from 'double' to 'float'
C:\Users\prith\OneDrive\Desktop\Study\GFX-Lab\GFX-LAB\3D\main.cpp(208,14): warning C4305: 'initializing': truncation from 'double' to 'float'
C:\Users\prith\OneDrive\Desktop\Study\GFX-Lab\GFX-LAB\3D\main.cpp(208,19): warning C4305: 'initializing': truncation from 'double' to 'float'
C:\Users\prith\OneDrive\Desktop\Study\GFX-Lab\GFX-LAB\3D\main.cpp(208,29): warning C4305: 'initializing': truncation from 'double' to 'float'
C:\Users\prith\OneDrive\Desktop\Study\GFX-Lab\GFX-LAB\3D\main.cpp(209,13): warning C4305: 'initializing': truncation from 'double' to 'float'
C:\Users\prith\OneDrive\Desktop\Study\GFX-Lab\GFX-LAB\3D\main.cpp(210,13): warning C4305: 'initializing': truncation from 'double' to 'float'
C:\Users\prith\OneDrive\Desktop\Study\GFX-Lab\GFX-LAB\3D\main.cpp(210,18): warning C4305: 'initializing': truncation from 'double' to 'float'
C:\Users\prith\OneDrive\Desktop\Study\GFX-Lab\GFX-LAB\3D\main.cpp(210,28): warning C4305: 'initializing': truncation from 'double' to 'float'
C:\Users\prith\OneDrive\Desktop\Study\GFX-Lab\GFX-LAB\3D\main.cpp(226,32): warning C4305: 'initializing': truncation from 'double' to 'float'
C:\Users\prith\OneDrive\Desktop\Study\GFX-Lab\GFX-LAB\3D\main.cpp(226,39): warning C4305: 'initializing': truncation from 'double' to 'float'
C:\Users\prith\OneDrive\Desktop\Study\GFX-Lab\GFX-LAB\3D\main.cpp(226,47): warning C4305: 'initializing': truncation from 'double' to 'float'
C:\Users\prith\OneDrive\Desktop\Study\GFX-Lab\GFX-LAB\3D\main.cpp(227,32): warning C4305: 'initializing': truncation from 'double' to 'float'
C:\Users\prith\OneDrive\Desktop\Study\GFX-Lab\GFX-LAB\3D\main.cpp(227,39): warning C4305: 'initializing': truncation from 'double' to 'float'
C:\Users\prith\OneDrive\Desktop\Study\GFX-Lab\GFX-LAB\3D\main.cpp(227,47): warning C4305: 'initializing': truncation from 'double' to 'float'
C:\Users\prith\OneDrive\Desktop\Study\GFX-Lab\GFX-LAB\3D\main.cpp(228,31): warning C4305: 'initializing': truncation from 'double' to 'float'
C:\Users\prith\OneDrive\Desktop\Study\GFX-Lab\GFX-LAB\3D\main.cpp(228,38): warning C4305: 'initializing': truncation from 'double' to 'float'
C:\Users\prith\OneDrive\Desktop\Study\GFX-Lab\GFX-LAB\3D\main.cpp(228,46): warning C4305: 'initializing': truncation from 'double' to 'float'
C:\Users\prith\OneDrive\Desktop\Study\GFX-Lab\GFX-LAB\3D\main.cpp(229,32): warning C4305: 'initializing': truncation from 'double' to 'float'
C:\Users\prith\OneDrive\Desktop\Study\GFX-Lab\GFX-LAB\3D\main.cpp(229,39): warning C4305: 'initializing': truncation from 'double' to 'float'
C:\Users\prith\OneDrive\Desktop\Study\GFX-Lab\GFX-LAB\3D\main.cpp(229,47): warning C4305: 'initializing': truncation from 'double' to 'float'
C:\Users\prith\OneDrive\Desktop\Study\GFX-Lab\GFX-LAB\3D\main.cpp(230,32): warning C4305: 'initializing': truncation from 'double' to 'float'
C:\Users\prith\OneDrive\Desktop\Study\GFX-Lab\GFX-LAB\3D\main.cpp(230,39): warning C4305: 'initializing': truncation from 'double' to 'float'
C:\Users\prith\OneDrive\Desktop\Study\GFX-Lab\GFX-LAB\3D\main.cpp(230,47): warning C4305: 'initializing': truncation from 'double' to 'float'
C:\Users\prith\OneDrive\Desktop\Study\GFX-Lab\GFX-LAB\3D\main.cpp(231,31): warning C4305: 'initializing': truncation from 'double' to 'float'
C:\Users\prith\OneDrive\Desktop\Study\GFX-Lab\GFX-LAB\3D\main.cpp(231,38): warning C4305: 'initializing': truncation from 'double' to 'float'
C:\Users\prith\OneDrive\Desktop\Study\GFX-Lab\GFX-LAB\3D\main.cpp(231,46): warning C4305: 'initializing': truncation from 'double' to 'float'
C:\Users\prith\OneDrive\Desktop\Study\GFX-Lab\GFX-LAB\3D\main.cpp(232,30): warning C4305: 'initializing': truncation from 'double' to 'float'
C:\Users\prith\OneDrive\Desktop\Study\GFX-Lab\GFX-LAB\3D\main.cpp(232,37): warning C4305: 'initializing': truncation from 'double' to 'float'
C:\Users\prith\OneDrive\Desktop\Study\GFX-Lab\GFX-LAB\3D\main.cpp(232,45): warning C4305: 'initializing': truncation from 'double' to 'float'
C:\Users\prith\OneDrive\Desktop\Study\GFX-Lab\GFX-LAB\3D\main.cpp(233,31): warning C4305: 'initializing': truncation from 'double' to 'float'
C:\Users\prith\OneDrive\Desktop\Study\GFX-Lab\GFX-LAB\3D\main.cpp(233,38): warning C4305: 'initializing': truncation from 'double' to 'float'
C:\Users\prith\OneDrive\Desktop\Study\GFX-Lab\GFX-LAB\3D\main.cpp(233,46): warning C4305: 'initializing': truncation from 'double' to 'float'
C:\Users\prith\OneDrive\Desktop\Study\GFX-Lab\GFX-LAB\3D\main.cpp(237,32): warning C4305: 'initializing': truncation from 'double' to 'float'
C:\Users\prith\OneDrive\Desktop\Study\GFX-Lab\GFX-LAB\3D\main.cpp(237,38): warning C4305: 'initializing': truncation from 'double' to 'float'
C:\Users\prith\OneDrive\Desktop\Study\GFX-Lab\GFX-LAB\3D\main.cpp(237,46): warning C4305: 'initializing': truncation from 'double' to 'float'
C:\Users\prith\OneDrive\Desktop\Study\GFX-Lab\GFX-LAB\3D\main.cpp(238,32): warning C4305: 'initializing': truncation from 'double' to 'float'
C:\Users\prith\OneDrive\Desktop\Study\GFX-Lab\GFX-LAB\3D\main.cpp(238,38): warning C4305: 'initializing': truncation from 'double' to 'float'
C:\Users\prith\OneDrive\Desktop\Study\GFX-Lab\GFX-LAB\3D\main.cpp(238,46): warning C4305: 'initializing': truncation from 'double' to 'float'
C:\Users\prith\OneDrive\Desktop\Study\GFX-Lab\GFX-LAB\3D\main.cpp(239,31): warning C4305: 'initializing': truncation from 'double' to 'float'
C:\Users\prith\OneDrive\Desktop\Study\GFX-Lab\GFX-LAB\3D\main.cpp(239,37): warning C4305: 'initializing': truncation from 'double' to 'float'
C:\Users\prith\OneDrive\Desktop\Study\GFX-Lab\GFX-LAB\3D\main.cpp(239,45): warning C4305: 'initializing': truncation from 'double' to 'float'
C:\Users\prith\OneDrive\Desktop\Study\GFX-Lab\GFX-LAB\3D\main.cpp(240,32): warning C4305: 'initializing': truncation from 'double' to 'float'
C:\Users\prith\OneDrive\Desktop\Study\GFX-Lab\GFX-LAB\3D\main.cpp(240,38): warning C4305: 'initializing': truncation from 'double' to 'float'
C:\Users\prith\OneDrive\Desktop\Study\GFX-Lab\GFX-LAB\3D\main.cpp(240,46): warning C4305: 'initializing': truncation from 'double' to 'float'
C:\Users\prith\OneDrive\Desktop\Study\GFX-Lab\GFX-LAB\3D\main.cpp(241,32): warning C4305: 'initializing': truncation from 'double' to 'float'
C:\Users\prith\OneDrive\Desktop\Study\GFX-Lab\GFX-LAB\3D\main.cpp(241,38): warning C4305: 'initializing': truncation from 'double' to 'float'
C:\Users\prith\OneDrive\Desktop\Study\GFX-Lab\GFX-LAB\3D\main.cpp(241,46): warning C4305: 'initializing': truncation from 'double' to 'float'
C:\Users\prith\OneDrive\Desktop\Study\GFX-Lab\GFX-LAB\3D\main.cpp(242,31): warning C4305: 'initializing': truncation from 'double' to 'float'
C:\Users\prith\OneDrive\Desktop\Study\GFX-Lab\GFX-LAB\3D\main.cpp(242,37): warning C4305: 'initializing': truncation from 'double' to 'float'
C:\Users\prith\OneDrive\Desktop\Study\GFX-Lab\GFX-LAB\3D\main.cpp(242,45): warning C4305: 'initializing': truncation from 'double' to 'float'
C:\Users\prith\OneDrive\Desktop\Study\GFX-Lab\GFX-LAB\3D\main.cpp(243,30): warning C4305: 'initializing': truncation from 'double' to 'float'
C:\Users\prith\OneDrive\Desktop\Study\GFX-Lab\GFX-LAB\3D\main.cpp(243,36): warning C4305: 'initializing': truncation from 'double' to 'float'
C:\Users\prith\OneDrive\Desktop\Study\GFX-Lab\GFX-LAB\3D\main.cpp(243,44): warning C4305: 'initializing': truncation from 'double' to 'float'
C:\Users\prith\OneDrive\Desktop\Study\GFX-Lab\GFX-LAB\3D\main.cpp(244,31): warning C4305: 'initializing': truncation from 'double' to 'float'
C:\Users\prith\OneDrive\Desktop\Study\GFX-Lab\GFX-LAB\3D\main.cpp(244,37): warning C4305: 'initializing': truncation from 'double' to 'float'
C:\Users\prith\OneDrive\Desktop\Study\GFX-Lab\GFX-LAB\3D\main.cpp(244,45): warning C4305: 'initializing': truncation from 'double' to 'float'
C:\Users\prith\OneDrive\Desktop\Study\GFX-Lab\GFX-LAB\3D\main.cpp(248,32): warning C4305: 'initializing': truncation from 'double' to 'float'
C:\Users\prith\OneDrive\Desktop\Study\GFX-Lab\GFX-LAB\3D\main.cpp(248,39): warning C4305: 'initializing': truncation from 'double' to 'float'
C:\Users\prith\OneDrive\Desktop\Study\GFX-Lab\GFX-LAB\3D\main.cpp(248,46): warning C4305: 'initializing': truncation from 'double' to 'float'
C:\Users\prith\OneDrive\Desktop\Study\GFX-Lab\GFX-LAB\3D\main.cpp(249,32): warning C4305: 'initializing': truncation from 'double' to 'float'
C:\Users\prith\OneDrive\Desktop\Study\GFX-Lab\GFX-LAB\3D\main.cpp(249,39): warning C4305: 'initializing': truncation from 'double' to 'float'
C:\Users\prith\OneDrive\Desktop\Study\GFX-Lab\GFX-LAB\3D\main.cpp(249,46): warning C4305: 'initializing': truncation from 'double' to 'float'
C:\Users\prith\OneDrive\Desktop\Study\GFX-Lab\GFX-LAB\3D\main.cpp(250,31): warning C4305: 'initializing': truncation from 'double' to 'float'
C:\Users\prith\OneDrive\Desktop\Study\GFX-Lab\GFX-LAB\3D\main.cpp(250,38): warning C4305: 'initializing': truncation from 'double' to 'float'
C:\Users\prith\OneDrive\Desktop\Study\GFX-Lab\GFX-LAB\3D\main.cpp(250,45): warning C4305: 'initializing': truncation from 'double' to 'float'
C:\Users\prith\OneDrive\Desktop\Study\GFX-Lab\GFX-LAB\3D\main.cpp(251,32): warning C4305: 'initializing': truncation from 'double' to 'float'
C:\Users\prith\OneDrive\Desktop\Study\GFX-Lab\GFX-LAB\3D\main.cpp(251,39): warning C4305: 'initializing': truncation from 'double' to 'float'
C:\Users\prith\OneDrive\Desktop\Study\GFX-Lab\GFX-LAB\3D\main.cpp(251,46): warning C4305: 'initializing': truncation from 'double' to 'float'
C:\Users\prith\OneDrive\Desktop\Study\GFX-Lab\GFX-LAB\3D\main.cpp(252,32): warning C4305: 'initializing': truncation from 'double' to 'float'
C:\Users\prith\OneDrive\Desktop\Study\GFX-Lab\GFX-LAB\3D\main.cpp(252,39): warning C4305: 'initializing': truncation from 'double' to 'float'
C:\Users\prith\OneDrive\Desktop\Study\GFX-Lab\GFX-LAB\3D\main.cpp(252,46): warning C4305: 'initializing': truncation from 'double' to 'float'
C:\Users\prith\OneDrive\Desktop\Study\GFX-Lab\GFX-LAB\3D\main.cpp(253,31): warning C4305: 'initializing': truncation from 'double' to 'float'
C:\Users\prith\OneDrive\Desktop\Study\GFX-Lab\GFX-LAB\3D\main.cpp(253,38): warning C4305: 'initializing': truncation from 'double' to 'float'
C:\Users\prith\OneDrive\Desktop\Study\GFX-Lab\GFX-LAB\3D\main.cpp(253,45): warning C4305: 'initializing': truncation from 'double' to 'float'
C:\Users\prith\OneDrive\Desktop\Study\GFX-Lab\GFX-LAB\3D\main.cpp(254,30): warning C4305: 'initializing': truncation from 'double' to 'float'
C:\Users\prith\OneDrive\Desktop\Study\GFX-Lab\GFX-LAB\3D\main.cpp(254,37): warning C4305: 'initializing': truncation from 'double' to 'float'
C:\Users\prith\OneDrive\Desktop\Study\GFX-Lab\GFX-LAB\3D\main.cpp(254,44): warning C4305: 'initializing': truncation from 'double' to 'float'
C:\Users\prith\OneDrive\Desktop\Study\GFX-Lab\GFX-LAB\3D\main.cpp(255,31): warning C4305: 'initializing': truncation from 'double' to 'float'
C:\Users\prith\OneDrive\Desktop\Study\GFX-Lab\GFX-LAB\3D\main.cpp(255,38): warning C4305: 'initializing': truncation from 'double' to 'float'
C:\Users\prith\OneDrive\Desktop\Study\GFX-Lab\GFX-LAB\3D\main.cpp(255,45): warning C4305: 'initializing': truncation from 'double' to 'float'
C:\Users\prith\OneDrive\Desktop\Study\GFX-Lab\GFX-LAB\3D\main.cpp(259,32): warning C4305: 'initializing': truncation from 'double' to 'float'
C:\Users\prith\OneDrive\Desktop\Study\GFX-Lab\GFX-LAB\3D\main.cpp(259,40): warning C4305: 'initializing': truncation from 'double' to 'float'
C:\Users\prith\OneDrive\Desktop\Study\GFX-Lab\GFX-LAB\3D\main.cpp(259,48): warning C4305: 'initializing': truncation from 'double' to 'float'
C:\Users\prith\OneDrive\Desktop\Study\GFX-Lab\GFX-LAB\3D\main.cpp(260,32): warning C4305: 'initializing': truncation from 'double' to 'float'
C:\Users\prith\OneDrive\Desktop\Study\GFX-Lab\GFX-LAB\3D\main.cpp(260,40): warning C4305: 'initializing': truncation from 'double' to 'float'
C:\Users\prith\OneDrive\Desktop\Study\GFX-Lab\GFX-LAB\3D\main.cpp(260,48): warning C4305: 'initializing': truncation from 'double' to 'float'
C:\Users\prith\OneDrive\Desktop\Study\GFX-Lab\GFX-LAB\3D\main.cpp(261,31): warning C4305: 'initializing': truncation from 'double' to 'float'
C:\Users\prith\OneDrive\Desktop\Study\GFX-Lab\GFX-LAB\3D\main.cpp(261,39): warning C4305: 'initializing': truncation from 'double' to 'float'
C:\Users\prith\OneDrive\Desktop\Study\GFX-Lab\GFX-LAB\3D\main.cpp(261,47): warning C4305: 'initializing': truncation from 'double' to 'float'
C:\Users\prith\OneDrive\Desktop\Study\GFX-Lab\GFX-LAB\3D\main.cpp(262,32): warning C4305: 'initializing': truncation from 'double' to 'float'
C:\Users\prith\OneDrive\Desktop\Study\GFX-Lab\GFX-LAB\3D\main.cpp(262,40): warning C4305: 'initializing': truncation from 'double' to 'float'
C:\Users\prith\OneDrive\Desktop\Study\GFX-Lab\GFX-LAB\3D\main.cpp(262,48): warning C4305: 'initializing': truncation from 'double' to 'float'
C:\Users\prith\OneDrive\Desktop\Study\GFX-Lab\GFX-LAB\3D\main.cpp(263,32): warning C4305: 'initializing': truncation from 'double' to 'float'
C:\Users\prith\OneDrive\Desktop\Study\GFX-Lab\GFX-LAB\3D\main.cpp(263,40): warning C4305: 'initializing': truncation from 'double' to 'float'
C:\Users\prith\OneDrive\Desktop\Study\GFX-Lab\GFX-LAB\3D\main.cpp(263,48): warning C4305: 'initializing': truncation from 'double' to 'float'
C:\Users\prith\OneDrive\Desktop\Study\GFX-Lab\GFX-LAB\3D\main.cpp(264,31): warning C4305: 'initializing': truncation from 'double' to 'float'
C:\Users\prith\OneDrive\Desktop\Study\GFX-Lab\GFX-LAB\3D\main.cpp(264,39): warning C4305: 'initializing': truncation from 'double' to 'float'
C:\Users\prith\OneDrive\Desktop\Study\GFX-Lab\GFX-LAB\3D\main.cpp(264,47): warning C4305: 'initializing': truncation from 'double' to 'float'
C:\Users\prith\OneDrive\Desktop\Study\GFX-Lab\GFX-LAB\3D\main.cpp(265,30): warning C4305: 'initializing': truncation from 'double' to 'float'
C:\Users\prith\OneDrive\Desktop\Study\GFX-Lab\GFX-LAB\3D\main.cpp(265,38): warning C4305: 'initializing': truncation from 'double' to 'float'
C:\Users\prith\OneDrive\Desktop\Study\GFX-Lab\GFX-LAB\3D\main.cpp(265,46): warning C4305: 'initializing': truncation from 'double' to 'float'
C:\Users\prith\OneDrive\Desktop\Study\GFX-Lab\GFX-LAB\3D\main.cpp(266,31): warning C4305: 'initializing': truncation from 'double' to 'float'
C:\Users\prith\OneDrive\Desktop\Study\GFX-Lab\GFX-LAB\3D\main.cpp(266,39): warning C4305: 'initializing': truncation from 'double' to 'float'
C:\Users\prith\OneDrive\Desktop\Study\GFX-Lab\GFX-LAB\3D\main.cpp(266,47): warning C4305: 'initializing': truncation from 'double' to 'float'
C:\Users\prith\OneDrive\Desktop\Study\GFX-Lab\GFX-LAB\3D\main.cpp(270,32): warning C4305: 'initializing': truncation from 'double' to 'float'
C:\Users\prith\OneDrive\Desktop\Study\GFX-Lab\GFX-LAB\3D\main.cpp(270,39): warning C4305: 'initializing': truncation from 'double' to 'float'
C:\Users\prith\OneDrive\Desktop\Study\GFX-Lab\GFX-LAB\3D\main.cpp(270,45): warning C4305: 'initializing': truncation from 'double' to 'float'
C:\Users\prith\OneDrive\Desktop\Study\GFX-Lab\GFX-LAB\3D\main.cpp(271,32): warning C4305: 'initializing': truncation from 'double' to 'float'
C:\Users\prith\OneDrive\Desktop\Study\GFX-Lab\GFX-LAB\3D\main.cpp(271,39): warning C4305: 'initializing': truncation from 'double' to 'float'
C:\Users\prith\OneDrive\Desktop\Study\GFX-Lab\GFX-LAB\3D\main.cpp(271,45): warning C4305: 'initializing': truncation from 'double' to 'float'
C:\Users\prith\OneDrive\Desktop\Study\GFX-Lab\GFX-LAB\3D\main.cpp(272,31): warning C4305: 'initializing': truncation from 'double' to 'float'
C:\Users\prith\OneDrive\Desktop\Study\GFX-Lab\GFX-LAB\3D\main.cpp(272,38): warning C4305: 'initializing': truncation from 'double' to 'float'
C:\Users\prith\OneDrive\Desktop\Study\GFX-Lab\GFX-LAB\3D\main.cpp(272,44): warning C4305: 'initializing': truncation from 'double' to 'float'
C:\Users\prith\OneDrive\Desktop\Study\GFX-Lab\GFX-LAB\3D\main.cpp(273,32): warning C4305: 'initializing': truncation from 'double' to 'float'
C:\Users\prith\OneDrive\Desktop\Study\GFX-Lab\GFX-LAB\3D\main.cpp(273,39): warning C4305: 'initializing': truncation from 'double' to 'float'
C:\Users\prith\OneDrive\Desktop\Study\GFX-Lab\GFX-LAB\3D\main.cpp(273,45): warning C4305: 'initializing': truncation from 'double' to 'float'
C:\Users\prith\OneDrive\Desktop\Study\GFX-Lab\GFX-LAB\3D\main.cpp(274,32): warning C4305: 'initializing': truncation from 'double' to 'float'
C:\Users\prith\OneDrive\Desktop\Study\GFX-Lab\GFX-LAB\3D\main.cpp(274,39): warning C4305: 'initializing': truncation from 'double' to 'float'
C:\Users\prith\OneDrive\Desktop\Study\GFX-Lab\GFX-LAB\3D\main.cpp(274,45): warning C4305: 'initializing': truncation from 'double' to 'float'
C:\Users\prith\OneDrive\Desktop\Study\GFX-Lab\GFX-LAB\3D\main.cpp(275,31): warning C4305: 'initializing': truncation from 'double' to 'float'
C:\Users\prith\OneDrive\Desktop\Study\GFX-Lab\GFX-LAB\3D\main.cpp(275,38): warning C4305: 'initializing': truncation from 'double' to 'float'
C:\Users\prith\OneDrive\Desktop\Study\GFX-Lab\GFX-LAB\3D\main.cpp(275,44): warning C4305: 'initializing': truncation from 'double' to 'float'
C:\Users\prith\OneDrive\Desktop\Study\GFX-Lab\GFX-LAB\3D\main.cpp(276,30): warning C4305: 'initializing': truncation from 'double' to 'float'
C:\Users\prith\OneDrive\Desktop\Study\GFX-Lab\GFX-LAB\3D\main.cpp(276,37): warning C4305: 'initializing': truncation from 'double' to 'float'
C:\Users\prith\OneDrive\Desktop\Study\GFX-Lab\GFX-LAB\3D\main.cpp(276,43): warning C4305: 'initializing': truncation from 'double' to 'float'
C:\Users\prith\OneDrive\Desktop\Study\GFX-Lab\GFX-LAB\3D\main.cpp(277,31): warning C4305: 'initializing': truncation from 'double' to 'float'
C:\Users\prith\OneDrive\Desktop\Study\GFX-Lab\GFX-LAB\3D\main.cpp(277,38): warning C4305: 'initializing': truncation from 'double' to 'float'
C:\Users\prith\OneDrive\Desktop\Study\GFX-Lab\GFX-LAB\3D\main.cpp(277,44): warning C4305: 'initializing': truncation from 'double' to 'float'
C:\Users\prith\OneDrive\Desktop\Study\GFX-Lab\GFX-LAB\3D\main.cpp(281,32): warning C4305: 'initializing': truncation from 'double' to 'float'
C:\Users\prith\OneDrive\Desktop\Study\GFX-Lab\GFX-LAB\3D\main.cpp(281,39): warning C4305: 'initializing': truncation from 'double' to 'float'
C:\Users\prith\OneDrive\Desktop\Study\GFX-Lab\GFX-LAB\3D\main.cpp(281,47): warning C4305: 'initializing': truncation from 'double' to 'float'
C:\Users\prith\OneDrive\Desktop\Study\GFX-Lab\GFX-LAB\3D\main.cpp(282,32): warning C4305: 'initializing': truncation from 'double' to 'float'
C:\Users\prith\OneDrive\Desktop\Study\GFX-Lab\GFX-LAB\3D\main.cpp(282,39): warning C4305: 'initializing': truncation from 'double' to 'float'
C:\Users\prith\OneDrive\Desktop\Study\GFX-Lab\GFX-LAB\3D\main.cpp(282,47): warning C4305: 'initializing': truncation from 'double' to 'float'
C:\Users\prith\OneDrive\Desktop\Study\GFX-Lab\GFX-LAB\3D\main.cpp(283,31): warning C4305: 'initializing': truncation from 'double' to 'float'
C:\Users\prith\OneDrive\Desktop\Study\GFX-Lab\GFX-LAB\3D\main.cpp(283,38): warning C4305: 'initializing': truncation from 'double' to 'float'
C:\Users\prith\OneDrive\Desktop\Study\GFX-Lab\GFX-LAB\3D\main.cpp(283,46): warning C4305: 'initializing': truncation from 'double' to 'float'
C:\Users\prith\OneDrive\Desktop\Study\GFX-Lab\GFX-LAB\3D\main.cpp(284,32): warning C4305: 'initializing': truncation from 'double' to 'float'
C:\Users\prith\OneDrive\Desktop\Study\GFX-Lab\GFX-LAB\3D\main.cpp(284,39): warning C4305: 'initializing': truncation from 'double' to 'float'
C:\Users\prith\OneDrive\Desktop\Study\GFX-Lab\GFX-LAB\3D\main.cpp(284,47): warning C4305: 'initializing': truncation from 'double' to 'float'
C:\Users\prith\OneDrive\Desktop\Study\GFX-Lab\GFX-LAB\3D\main.cpp(285,32): warning C4305: 'initializing': truncation from 'double' to 'float'
C:\Users\prith\OneDrive\Desktop\Study\GFX-Lab\GFX-LAB\3D\main.cpp(285,39): warning C4305: 'initializing': truncation from 'double' to 'float'
C:\Users\prith\OneDrive\Desktop\Study\GFX-Lab\GFX-LAB\3D\main.cpp(285,47): warning C4305: 'initializing': truncation from 'double' to 'float'
C:\Users\prith\OneDrive\Desktop\Study\GFX-Lab\GFX-LAB\3D\main.cpp(286,31): warning C4305: 'initializing': truncation from 'double' to 'float'
C:\Users\prith\OneDrive\Desktop\Study\GFX-Lab\GFX-LAB\3D\main.cpp(286,38): warning C4305: 'initializing': truncation from 'double' to 'float'
C:\Users\prith\OneDrive\Desktop\Study\GFX-Lab\GFX-LAB\3D\main.cpp(286,46): warning C4305: 'initializing': truncation from 'double' to 'float'
C:\Users\prith\OneDrive\Desktop\Study\GFX-Lab\GFX-LAB\3D\main.cpp(287,30): warning C4305: 'initializing': truncation from 'double' to 'float'
C:\Users\prith\OneDrive\Desktop\Study\GFX-Lab\GFX-LAB\3D\main.cpp(287,37): warning C4305: 'initializing': truncation from 'double' to 'float'
C:\Users\prith\OneDrive\Desktop\Study\GFX-Lab\GFX-LAB\3D\main.cpp(287,45): warning C4305: 'initializing': truncation from 'double' to 'float'
C:\Users\prith\OneDrive\Desktop\Study\GFX-Lab\GFX-LAB\3D\main.cpp(288,31): warning C4305: 'initializing': truncation from 'double' to 'float'
C:\Users\prith\OneDrive\Desktop\Study\GFX-Lab\GFX-LAB\3D\main.cpp(288,38): warning C4305: 'initializing': truncation from 'double' to 'float'
C:\Users\prith\OneDrive\Desktop\Study\GFX-Lab\GFX-LAB\3D\main.cpp(288,46): warning C4305: 'initializing': truncation from 'double' to 'float'
C:\Users\prith\OneDrive\Desktop\Study\GFX-Lab\GFX-LAB\3D\main.cpp(492,93): warning C4101: 'fan_scaleMatrix': unreferenced local variable
C:\Users\prith\OneDrive\Desktop\Study\GFX-Lab\GFX-LAB\3D\main.cpp(513,121): warning C4101: 'floor_fan_scaleMatrix': unreferenced local variable
C:\Users\prith\OneDrive\Desktop\Study\GFX-Lab\GFX-LAB\3D\main.cpp(557,116): warning C4101: 'wall_fan_scaleMatrix': unreferenced local variable
C:\Users\prith\OneDrive\Desktop\Study\GFX-Lab\GFX-LAB\3D\main.cpp(593,136): warning C4101: 'backwall_fan_scaleMatrix': unreferenced local variable
  3D.vcxproj -> C:\Users\prith\OneDrive\Desktop\Study\GFX-Lab\GFX-LAB\3D\x64\Debug\3D.exe
